<?xml version="1.0" encoding="UTF-8"?>
<testsuite xmlns:xsi="http://www.w3.org/2001/XMLSchema-instance" xsi:noNamespaceSchemaLocation="https://maven.apache.org/surefire/maven-surefire-plugin/xsd/surefire-test-report.xsd" name="xyz.foobar.test.DiffServiceTest" time="0.143" tests="3" errors="0" skipped="0" failures="0">
  <properties>
[...]
</properties>
  <testcase name="calculateCreate" classname="xyz.foobar.test.DiffServiceTest" time="0.109"/>
  <testcase name="calculateDelete" classname="xyz.foobar.test.DiffServiceTest" time="0"/>
  <testcase name="calculateUpdate" classname="xyz.foobar.test.DiffServiceTest" time="0.008"/>
</testsuite>